2015-12-02 13:00:11 [scrapy] INFO: Scrapy 1.0.3 started (bot: amazon)
2015-12-02 13:00:11 [scrapy] INFO: Optional features available: ssl, http11
2015-12-02 13:00:11 [scrapy] INFO: Overridden settings: {'NEWSPIDER_MODULE': 'amazon.spiders', 'FEED_URI': 'review.jl', 'SPIDER_MODULES': ['amazon.spiders'], 'BOT_NAME': 'amazon', 'LOG_STDOUT': True, 'USER_AGENT': 'Mozilla/5.0 (Macintosh; Intel Mac OS X 10_8_3) AppleWebKit/536.5 (KHTML, like Gecko) Chrome/19.0.1084.54 Safari/536.5', 'FEED_FORMAT': 'json', 'LOG_FILE': 'review.log'}
2015-12-02 13:00:11 [scrapy] INFO: Enabled extensions: CloseSpider, FeedExporter, TelnetConsole, LogStats, CoreStats, SpiderState
2015-12-02 13:00:11 [scrapy] INFO: Enabled downloader middlewares: HttpAuthMiddleware, DownloadTimeoutMiddleware, UserAgentMiddleware, RetryMiddleware, DefaultHeadersMiddleware, MetaRefreshMiddleware, HttpCompressionMiddleware, RedirectMiddleware, CookiesMiddleware, ChunkedTransferMiddleware, DownloaderStats
2015-12-02 13:00:11 [scrapy] INFO: Enabled spider middlewares: HttpErrorMiddleware, OffsiteMiddleware, RefererMiddleware, UrlLengthMiddleware, DepthMiddleware
2015-12-02 13:00:11 [scrapy] INFO: Enabled item pipelines: EmptyItemPipeline
2015-12-02 13:00:11 [scrapy] INFO: Spider opened
2015-12-02 13:00:11 [scrapy] INFO: Crawled 0 pages (at 0 pages/min), scraped 0 items (at 0 items/min)
2015-12-02 13:00:11 [scrapy] DEBUG: Telnet console listening on 127.0.0.1:6023
2015-12-02 13:00:14 [scrapy] DEBUG: Crawled (200) <GET http://www.amazon.com/s/ref=sr_pg_1?rh=n%3A7141123011%2Cn%3A7147441011%2Cn%3A1040658%2Cn%3A2476517011%2Cn%3A1045624%2Cp_6%3AATVPDKIKX0DER&page=1&bbn=2476517011&ie=UTF8&qid=1448965490> (referer: None)
2015-12-02 13:00:15 [scrapy] DEBUG: Crawled (200) <GET http://www.amazon.com/Armani-Jeans-Mens-Multi-Small/dp/B014DQTP20/ref=sr_1_31/187-2334302-7369822?m=ATVPDKIKX0DER&s=apparel&ie=UTF8&qid=1449032413&sr=1-31&nodeID=1045624&refinements=p_6%3AATVPDKIKX0DER> (referer: http://www.amazon.com/s/ref=sr_pg_1?rh=n%3A7141123011%2Cn%3A7147441011%2Cn%3A1040658%2Cn%3A2476517011%2Cn%3A1045624%2Cp_6%3AATVPDKIKX0DER&page=1&bbn=2476517011&ie=UTF8&qid=1448965490)
2015-12-02 13:00:15 [scrapy] DEBUG: Filtered duplicate request: <GET http://www.amazon.com/Armani-Jeans-Mens-Multi-Small/dp/B014DQTP20/ref=sr_1_31/187-2334302-7369822?m=ATVPDKIKX0DER&s=apparel&ie=UTF8&qid=1449032413&sr=1-31&nodeID=1045624&refinements=p_6%3AATVPDKIKX0DER> - no more duplicates will be shown (see DUPEFILTER_DEBUG to show all duplicates)
2015-12-02 13:00:15 [scrapy] DEBUG: Crawled (200) <GET http://www.amazon.com/Carhartt-Workwear-T-Shirt-Original-4X-Large/dp/B002GHC1DY/ref=sr_1_28/187-2334302-7369822?m=ATVPDKIKX0DER&s=apparel&ie=UTF8&qid=1449032413&sr=1-28&nodeID=1045624&refinements=p_6%3AATVPDKIKX0DER> (referer: http://www.amazon.com/s/ref=sr_pg_1?rh=n%3A7141123011%2Cn%3A7147441011%2Cn%3A1040658%2Cn%3A2476517011%2Cn%3A1045624%2Cp_6%3AATVPDKIKX0DER&page=1&bbn=2476517011&ie=UTF8&qid=1448965490)
2015-12-02 13:00:16 [scrapy] DEBUG: Crawled (200) <GET http://www.amazon.com/Calvin-Klein-Sleeve-Graphic-Heather/dp/B016OY9UQU/ref=sr_1_1/187-2334302-7369822?m=ATVPDKIKX0DER&s=apparel&ie=UTF8&qid=1449032413&sr=1-1&nodeID=1045624&refinements=p_6%3AATVPDKIKX0DER> (referer: http://www.amazon.com/s/ref=sr_pg_1?rh=n%3A7141123011%2Cn%3A7147441011%2Cn%3A1040658%2Cn%3A2476517011%2Cn%3A1045624%2Cp_6%3AATVPDKIKX0DER&page=1&bbn=2476517011&ie=UTF8&qid=1448965490)
2015-12-02 13:00:16 [scrapy] DEBUG: Crawled (200) <GET http://www.amazon.com/Fred-Perry-Breton-Stripe-T-Shirt/dp/B012X2WQ40/ref=sr_1_27/187-2334302-7369822?m=ATVPDKIKX0DER&s=apparel&ie=UTF8&qid=1449032413&sr=1-27&nodeID=1045624&refinements=p_6%3AATVPDKIKX0DER> (referer: http://www.amazon.com/s/ref=sr_pg_1?rh=n%3A7141123011%2Cn%3A7147441011%2Cn%3A1040658%2Cn%3A2476517011%2Cn%3A1045624%2Cp_6%3AATVPDKIKX0DER&page=1&bbn=2476517011&ie=UTF8&qid=1448965490)
2015-12-02 13:00:16 [scrapy] ERROR: Spider error processing <GET http://www.amazon.com/Carhartt-Workwear-T-Shirt-Original-4X-Large/dp/B002GHC1DY/ref=sr_1_28/187-2334302-7369822?m=ATVPDKIKX0DER&s=apparel&ie=UTF8&qid=1449032413&sr=1-28&nodeID=1045624&refinements=p_6%3AATVPDKIKX0DER> (referer: http://www.amazon.com/s/ref=sr_pg_1?rh=n%3A7141123011%2Cn%3A7147441011%2Cn%3A1040658%2Cn%3A2476517011%2Cn%3A1045624%2Cp_6%3AATVPDKIKX0DER&page=1&bbn=2476517011&ie=UTF8&qid=1448965490)
Traceback (most recent call last):
  File "/usr/local/lib/python2.7/dist-packages/Scrapy-1.0.3-py2.7.egg/scrapy/utils/defer.py", line 102, in iter_errback
    yield next(it)
  File "/usr/local/lib/python2.7/dist-packages/Scrapy-1.0.3-py2.7.egg/scrapy/spidermiddlewares/offsite.py", line 28, in process_spider_output
    for x in result:
  File "/usr/local/lib/python2.7/dist-packages/Scrapy-1.0.3-py2.7.egg/scrapy/spidermiddlewares/referer.py", line 22, in <genexpr>
    return (_set_referer(r) for r in result or ())
  File "/usr/local/lib/python2.7/dist-packages/Scrapy-1.0.3-py2.7.egg/scrapy/spidermiddlewares/urllength.py", line 37, in <genexpr>
    return (r for r in result or () if _filter(r))
  File "/usr/local/lib/python2.7/dist-packages/Scrapy-1.0.3-py2.7.egg/scrapy/spidermiddlewares/depth.py", line 54, in <genexpr>
    return (r for r in result or () if _filter(r))
  File "/home/tao/Documents/amazon/amazon/spiders/review_spider.py", line 38, in parse_item_page
    response = urllib2.urlopen(this_review_url)
  File "/usr/lib/python2.7/urllib2.py", line 126, in urlopen
    return _opener.open(url, data, timeout)
  File "/usr/lib/python2.7/urllib2.py", line 406, in open
    response = meth(req, response)
  File "/usr/lib/python2.7/urllib2.py", line 519, in http_response
    'http', request, response, code, msg, hdrs)
  File "/usr/lib/python2.7/urllib2.py", line 444, in error
    return self._call_chain(*args)
  File "/usr/lib/python2.7/urllib2.py", line 378, in _call_chain
    result = func(*args)
  File "/usr/lib/python2.7/urllib2.py", line 527, in http_error_default
    raise HTTPError(req.get_full_url(), code, msg, hdrs, fp)
HTTPError: HTTP Error 503: Service Unavailable
2015-12-02 13:00:16 [scrapy] DEBUG: Crawled (200) <GET http://www.amazon.com/HUF-Mens-Tones-Navy-Medium/dp/B015TCED0Q/ref=sr_1_30/187-2334302-7369822?m=ATVPDKIKX0DER&s=apparel&ie=UTF8&qid=1449032413&sr=1-30&nodeID=1045624&refinements=p_6%3AATVPDKIKX0DER> (referer: http://www.amazon.com/s/ref=sr_pg_1?rh=n%3A7141123011%2Cn%3A7147441011%2Cn%3A1040658%2Cn%3A2476517011%2Cn%3A1045624%2Cp_6%3AATVPDKIKX0DER&page=1&bbn=2476517011&ie=UTF8&qid=1448965490)
2015-12-02 13:00:16 [scrapy] DEBUG: Crawled (200) <GET http://www.amazon.com/True-Religion-Graphic-T-Shirt-XX-Large/dp/B015JP2832/ref=sr_1_25/187-2334302-7369822?m=ATVPDKIKX0DER&s=apparel&ie=UTF8&qid=1449032413&sr=1-25&nodeID=1045624&refinements=p_6%3AATVPDKIKX0DER> (referer: http://www.amazon.com/s/ref=sr_pg_1?rh=n%3A7141123011%2Cn%3A7147441011%2Cn%3A1040658%2Cn%3A2476517011%2Cn%3A1045624%2Cp_6%3AATVPDKIKX0DER&page=1&bbn=2476517011&ie=UTF8&qid=1448965490)
2015-12-02 13:00:16 [scrapy] DEBUG: Crawled (200) <GET http://www.amazon.com/Original-Penguin-T-Shirt-Heather-X-Large/dp/B015MXLIQY/ref=sr_1_26/187-2334302-7369822?m=ATVPDKIKX0DER&s=apparel&ie=UTF8&qid=1449032413&sr=1-26&nodeID=1045624&refinements=p_6%3AATVPDKIKX0DER> (referer: http://www.amazon.com/s/ref=sr_pg_1?rh=n%3A7141123011%2Cn%3A7147441011%2Cn%3A1040658%2Cn%3A2476517011%2Cn%3A1045624%2Cp_6%3AATVPDKIKX0DER&page=1&bbn=2476517011&ie=UTF8&qid=1448965490)
2015-12-02 13:00:19 [scrapy] ERROR: Spider error processing <GET http://www.amazon.com/Calvin-Klein-Sleeve-Graphic-Heather/dp/B016OY9UQU/ref=sr_1_1/187-2334302-7369822?m=ATVPDKIKX0DER&s=apparel&ie=UTF8&qid=1449032413&sr=1-1&nodeID=1045624&refinements=p_6%3AATVPDKIKX0DER> (referer: http://www.amazon.com/s/ref=sr_pg_1?rh=n%3A7141123011%2Cn%3A7147441011%2Cn%3A1040658%2Cn%3A2476517011%2Cn%3A1045624%2Cp_6%3AATVPDKIKX0DER&page=1&bbn=2476517011&ie=UTF8&qid=1448965490)
Traceback (most recent call last):
  File "/usr/local/lib/python2.7/dist-packages/Scrapy-1.0.3-py2.7.egg/scrapy/utils/defer.py", line 102, in iter_errback
    yield next(it)
  File "/usr/local/lib/python2.7/dist-packages/Scrapy-1.0.3-py2.7.egg/scrapy/spidermiddlewares/offsite.py", line 28, in process_spider_output
    for x in result:
  File "/usr/local/lib/python2.7/dist-packages/Scrapy-1.0.3-py2.7.egg/scrapy/spidermiddlewares/referer.py", line 22, in <genexpr>
    return (_set_referer(r) for r in result or ())
  File "/usr/local/lib/python2.7/dist-packages/Scrapy-1.0.3-py2.7.egg/scrapy/spidermiddlewares/urllength.py", line 37, in <genexpr>
    return (r for r in result or () if _filter(r))
  File "/usr/local/lib/python2.7/dist-packages/Scrapy-1.0.3-py2.7.egg/scrapy/spidermiddlewares/depth.py", line 54, in <genexpr>
    return (r for r in result or () if _filter(r))
  File "/home/tao/Documents/amazon/amazon/spiders/review_spider.py", line 39, in parse_item_page
    this_review_url_sel = Selector(response.read())
  File "/usr/local/lib/python2.7/dist-packages/Scrapy-1.0.3-py2.7.egg/scrapy/selector/unified.py", line 80, in __init__
    _root = LxmlDocument(response, self._parser)
  File "/usr/local/lib/python2.7/dist-packages/Scrapy-1.0.3-py2.7.egg/scrapy/selector/lxmldocument.py", line 24, in __new__
    cache = cls.cache.setdefault(response, {})
  File "/usr/lib/python2.7/weakref.py", line 369, in setdefault
    return self.data.setdefault(ref(key, self._remove),default)
TypeError: cannot create weak reference to 'str' object
2015-12-02 13:00:19 [scrapy] DEBUG: Crawled (200) <GET http://www.amazon.com/John-Varvatos-Sleeve-V-Neck-T-Shirt/dp/B00D3W0XY0/ref=sr_1_24/187-2334302-7369822?m=ATVPDKIKX0DER&s=apparel&ie=UTF8&qid=1449032413&sr=1-24&nodeID=1045624&refinements=p_6%3AATVPDKIKX0DER> (referer: http://www.amazon.com/s/ref=sr_pg_1?rh=n%3A7141123011%2Cn%3A7147441011%2Cn%3A1040658%2Cn%3A2476517011%2Cn%3A1045624%2Cp_6%3AATVPDKIKX0DER&page=1&bbn=2476517011&ie=UTF8&qid=1448965490)
2015-12-02 13:00:19 [scrapy] DEBUG: Crawled (200) <GET http://www.amazon.com/Young-Reckless-Highline-Raglan-X-Large/dp/B010PIO4CQ/ref=sr_1_23/187-2334302-7369822?m=ATVPDKIKX0DER&s=apparel&ie=UTF8&qid=1449032413&sr=1-23&nodeID=1045624&refinements=p_6%3AATVPDKIKX0DER> (referer: http://www.amazon.com/s/ref=sr_pg_1?rh=n%3A7141123011%2Cn%3A7147441011%2Cn%3A1040658%2Cn%3A2476517011%2Cn%3A1045624%2Cp_6%3AATVPDKIKX0DER&page=1&bbn=2476517011&ie=UTF8&qid=1448965490)
2015-12-02 13:00:19 [scrapy] DEBUG: Crawled (200) <GET http://www.amazon.com/SPENCER-Montgomery-Colorblock-Long-Sleeve-Charcoal/dp/B0151GZXVI/ref=sr_1_21/187-2334302-7369822?m=ATVPDKIKX0DER&s=apparel&ie=UTF8&qid=1449032413&sr=1-21&nodeID=1045624&refinements=p_6%3AATVPDKIKX0DER> (referer: http://www.amazon.com/s/ref=sr_pg_1?rh=n%3A7141123011%2Cn%3A7147441011%2Cn%3A1040658%2Cn%3A2476517011%2Cn%3A1045624%2Cp_6%3AATVPDKIKX0DER&page=1&bbn=2476517011&ie=UTF8&qid=1448965490)
2015-12-02 13:00:19 [scrapy] DEBUG: Crawled (200) <GET http://www.amazon.com/Armani-Jeans-Classic-Sleeve-X-Large/dp/B012EJI1IW/ref=sr_1_29/187-2334302-7369822?m=ATVPDKIKX0DER&s=apparel&ie=UTF8&qid=1449032413&sr=1-29&nodeID=1045624&refinements=p_6%3AATVPDKIKX0DER> (referer: http://www.amazon.com/s/ref=sr_pg_1?rh=n%3A7141123011%2Cn%3A7147441011%2Cn%3A1040658%2Cn%3A2476517011%2Cn%3A1045624%2Cp_6%3AATVPDKIKX0DER&page=1&bbn=2476517011&ie=UTF8&qid=1448965490)
2015-12-02 13:00:19 [scrapy] DEBUG: Crawled (200) <GET http://www.amazon.com/Carhartt-Workwear-Pocket-Midweight-Original/dp/B002GHC1KC/ref=sr_1_22/187-2334302-7369822?m=ATVPDKIKX0DER&s=apparel&ie=UTF8&qid=1449032413&sr=1-22&nodeID=1045624&refinements=p_6%3AATVPDKIKX0DER> (referer: http://www.amazon.com/s/ref=sr_pg_1?rh=n%3A7141123011%2Cn%3A7147441011%2Cn%3A1040658%2Cn%3A2476517011%2Cn%3A1045624%2Cp_6%3AATVPDKIKX0DER&page=1&bbn=2476517011&ie=UTF8&qid=1448965490)
2015-12-02 13:00:19 [scrapy] DEBUG: Crawled (200) <GET http://www.amazon.com/Original-Penguin-Triblend-Distressed-Medieval/dp/B012ZFQCRC/ref=sr_1_19/187-2334302-7369822?m=ATVPDKIKX0DER&s=apparel&ie=UTF8&qid=1449032413&sr=1-19&nodeID=1045624&refinements=p_6%3AATVPDKIKX0DER> (referer: http://www.amazon.com/s/ref=sr_pg_1?rh=n%3A7141123011%2Cn%3A7147441011%2Cn%3A1040658%2Cn%3A2476517011%2Cn%3A1045624%2Cp_6%3AATVPDKIKX0DER&page=1&bbn=2476517011&ie=UTF8&qid=1448965490)
2015-12-02 13:00:19 [scrapy] DEBUG: Crawled (200) <GET http://www.amazon.com/True-Religion-Skull-Black-XX-Large/dp/B0156N4DQW/ref=sr_1_18/187-2334302-7369822?m=ATVPDKIKX0DER&s=apparel&ie=UTF8&qid=1449032413&sr=1-18&nodeID=1045624&refinements=p_6%3AATVPDKIKX0DER> (referer: http://www.amazon.com/s/ref=sr_pg_1?rh=n%3A7141123011%2Cn%3A7147441011%2Cn%3A1040658%2Cn%3A2476517011%2Cn%3A1045624%2Cp_6%3AATVPDKIKX0DER&page=1&bbn=2476517011&ie=UTF8&qid=1448965490)
2015-12-02 13:00:19 [scrapy] DEBUG: Crawled (200) <GET http://www.amazon.com/Calvin-Klein-Short-Sleeve-Digital/dp/B016OY1YWI/ref=sr_1_20/187-2334302-7369822?m=ATVPDKIKX0DER&s=apparel&ie=UTF8&qid=1449032413&sr=1-20&nodeID=1045624&refinements=p_6%3AATVPDKIKX0DER> (referer: http://www.amazon.com/s/ref=sr_pg_1?rh=n%3A7141123011%2Cn%3A7147441011%2Cn%3A1040658%2Cn%3A2476517011%2Cn%3A1045624%2Cp_6%3AATVPDKIKX0DER&page=1&bbn=2476517011&ie=UTF8&qid=1448965490)
2015-12-02 13:00:24 [scrapy] ERROR: Spider error processing <GET http://www.amazon.com/Carhartt-Workwear-Pocket-Midweight-Original/dp/B002GHC1KC/ref=sr_1_22/187-2334302-7369822?m=ATVPDKIKX0DER&s=apparel&ie=UTF8&qid=1449032413&sr=1-22&nodeID=1045624&refinements=p_6%3AATVPDKIKX0DER> (referer: http://www.amazon.com/s/ref=sr_pg_1?rh=n%3A7141123011%2Cn%3A7147441011%2Cn%3A1040658%2Cn%3A2476517011%2Cn%3A1045624%2Cp_6%3AATVPDKIKX0DER&page=1&bbn=2476517011&ie=UTF8&qid=1448965490)
Traceback (most recent call last):
  File "/usr/local/lib/python2.7/dist-packages/Scrapy-1.0.3-py2.7.egg/scrapy/utils/defer.py", line 102, in iter_errback
    yield next(it)
  File "/usr/local/lib/python2.7/dist-packages/Scrapy-1.0.3-py2.7.egg/scrapy/spidermiddlewares/offsite.py", line 28, in process_spider_output
    for x in result:
  File "/usr/local/lib/python2.7/dist-packages/Scrapy-1.0.3-py2.7.egg/scrapy/spidermiddlewares/referer.py", line 22, in <genexpr>
    return (_set_referer(r) for r in result or ())
  File "/usr/local/lib/python2.7/dist-packages/Scrapy-1.0.3-py2.7.egg/scrapy/spidermiddlewares/urllength.py", line 37, in <genexpr>
    return (r for r in result or () if _filter(r))
  File "/usr/local/lib/python2.7/dist-packages/Scrapy-1.0.3-py2.7.egg/scrapy/spidermiddlewares/depth.py", line 54, in <genexpr>
    return (r for r in result or () if _filter(r))
  File "/home/tao/Documents/amazon/amazon/spiders/review_spider.py", line 39, in parse_item_page
    this_review_url_sel = Selector(response.read())
  File "/usr/local/lib/python2.7/dist-packages/Scrapy-1.0.3-py2.7.egg/scrapy/selector/unified.py", line 80, in __init__
    _root = LxmlDocument(response, self._parser)
  File "/usr/local/lib/python2.7/dist-packages/Scrapy-1.0.3-py2.7.egg/scrapy/selector/lxmldocument.py", line 24, in __new__
    cache = cls.cache.setdefault(response, {})
  File "/usr/lib/python2.7/weakref.py", line 369, in setdefault
    return self.data.setdefault(ref(key, self._remove),default)
TypeError: cannot create weak reference to 'str' object
2015-12-02 13:00:24 [scrapy] DEBUG: Crawled (200) <GET http://www.amazon.com/Carhartt-Workwear-T-Shirt-Original-K87/product-reviews/B00SM7KP6W/ref=cm_cr_dp_see_all_btm?ie=UTF8&showViewpoints=1&sortBy=bySubmissionDateDescending> (referer: http://www.amazon.com/Carhartt-Workwear-T-Shirt-Original-4X-Large/dp/B002GHC1DY/ref=sr_1_28/187-2334302-7369822?m=ATVPDKIKX0DER&s=apparel&ie=UTF8&qid=1449032413&sr=1-28&nodeID=1045624&refinements=p_6%3AATVPDKIKX0DER)
2015-12-02 13:00:32 [scrapy] ERROR: Spider error processing <GET http://www.amazon.com/Calvin-Klein-Short-Sleeve-Digital/dp/B016OY1YWI/ref=sr_1_20/187-2334302-7369822?m=ATVPDKIKX0DER&s=apparel&ie=UTF8&qid=1449032413&sr=1-20&nodeID=1045624&refinements=p_6%3AATVPDKIKX0DER> (referer: http://www.amazon.com/s/ref=sr_pg_1?rh=n%3A7141123011%2Cn%3A7147441011%2Cn%3A1040658%2Cn%3A2476517011%2Cn%3A1045624%2Cp_6%3AATVPDKIKX0DER&page=1&bbn=2476517011&ie=UTF8&qid=1448965490)
Traceback (most recent call last):
  File "/usr/local/lib/python2.7/dist-packages/Scrapy-1.0.3-py2.7.egg/scrapy/utils/defer.py", line 102, in iter_errback
    yield next(it)
  File "/usr/local/lib/python2.7/dist-packages/Scrapy-1.0.3-py2.7.egg/scrapy/spidermiddlewares/offsite.py", line 28, in process_spider_output
    for x in result:
  File "/usr/local/lib/python2.7/dist-packages/Scrapy-1.0.3-py2.7.egg/scrapy/spidermiddlewares/referer.py", line 22, in <genexpr>
    return (_set_referer(r) for r in result or ())
  File "/usr/local/lib/python2.7/dist-packages/Scrapy-1.0.3-py2.7.egg/scrapy/spidermiddlewares/urllength.py", line 37, in <genexpr>
    return (r for r in result or () if _filter(r))
  File "/usr/local/lib/python2.7/dist-packages/Scrapy-1.0.3-py2.7.egg/scrapy/spidermiddlewares/depth.py", line 54, in <genexpr>
    return (r for r in result or () if _filter(r))
  File "/home/tao/Documents/amazon/amazon/spiders/review_spider.py", line 39, in parse_item_page
    this_review_url_sel = Selector(response.read())
  File "/usr/local/lib/python2.7/dist-packages/Scrapy-1.0.3-py2.7.egg/scrapy/selector/unified.py", line 80, in __init__
    _root = LxmlDocument(response, self._parser)
  File "/usr/local/lib/python2.7/dist-packages/Scrapy-1.0.3-py2.7.egg/scrapy/selector/lxmldocument.py", line 24, in __new__
    cache = cls.cache.setdefault(response, {})
  File "/usr/lib/python2.7/weakref.py", line 369, in setdefault
    return self.data.setdefault(ref(key, self._remove),default)
TypeError: cannot create weak reference to 'str' object
2015-12-02 13:00:32 [scrapy] DEBUG: Crawled (200) <GET http://www.amazon.com/Armani-Jeans-Mens-Feather-Large/dp/B012EJMXHM/ref=sr_1_48/187-2334302-7369822?m=ATVPDKIKX0DER&s=apparel&ie=UTF8&qid=1449032413&sr=1-48&nodeID=1045624&refinements=p_6%3AATVPDKIKX0DER> (referer: http://www.amazon.com/s/ref=sr_pg_1?rh=n%3A7141123011%2Cn%3A7147441011%2Cn%3A1040658%2Cn%3A2476517011%2Cn%3A1045624%2Cp_6%3AATVPDKIKX0DER&page=1&bbn=2476517011&ie=UTF8&qid=1448965490)
2015-12-02 13:00:32 [scrapy] DEBUG: Crawled (200) <GET http://www.amazon.com/Psycho-Bunny-Color-Block-T-Shirt/dp/B015KQRFBA/ref=sr_1_47/187-2334302-7369822?m=ATVPDKIKX0DER&s=apparel&ie=UTF8&qid=1449032413&sr=1-47&nodeID=1045624&refinements=p_6%3AATVPDKIKX0DER> (referer: http://www.amazon.com/s/ref=sr_pg_1?rh=n%3A7141123011%2Cn%3A7147441011%2Cn%3A1040658%2Cn%3A2476517011%2Cn%3A1045624%2Cp_6%3AATVPDKIKX0DER&page=1&bbn=2476517011&ie=UTF8&qid=1448965490)
2015-12-02 13:00:32 [scrapy] DEBUG: Crawled (200) <GET http://www.amazon.com/Original-Penguin-Shirt-Sapphire-Small/dp/B015MXK2IY/ref=sr_1_17/187-2334302-7369822?m=ATVPDKIKX0DER&s=apparel&ie=UTF8&qid=1449032413&sr=1-17&nodeID=1045624&refinements=p_6%3AATVPDKIKX0DER> (referer: http://www.amazon.com/s/ref=sr_pg_1?rh=n%3A7141123011%2Cn%3A7147441011%2Cn%3A1040658%2Cn%3A2476517011%2Cn%3A1045624%2Cp_6%3AATVPDKIKX0DER&page=1&bbn=2476517011&ie=UTF8&qid=1448965490)
2015-12-02 13:00:32 [scrapy] DEBUG: Crawled (200) <GET http://www.amazon.com/Quiksilver-Sleeve-T-Shirt-Athletic-Heather/dp/B00Z7MH0F4/ref=sr_1_46/187-2334302-7369822?m=ATVPDKIKX0DER&s=apparel&ie=UTF8&qid=1449032413&sr=1-46&nodeID=1045624&refinements=p_6%3AATVPDKIKX0DER> (referer: http://www.amazon.com/s/ref=sr_pg_1?rh=n%3A7141123011%2Cn%3A7147441011%2Cn%3A1040658%2Cn%3A2476517011%2Cn%3A1045624%2Cp_6%3AATVPDKIKX0DER&page=1&bbn=2476517011&ie=UTF8&qid=1448965490)
2015-12-02 13:00:32 [scrapy] DEBUG: Crawled (200) <GET http://www.amazon.com/Akademiks-Big-Tall-Sleeve-T-Shirt-3X-Large/dp/B0153V19HI/ref=sr_1_45/187-2334302-7369822?m=ATVPDKIKX0DER&s=apparel&ie=UTF8&qid=1449032413&sr=1-45&nodeID=1045624&refinements=p_6%3AATVPDKIKX0DER> (referer: http://www.amazon.com/s/ref=sr_pg_1?rh=n%3A7141123011%2Cn%3A7147441011%2Cn%3A1040658%2Cn%3A2476517011%2Cn%3A1045624%2Cp_6%3AATVPDKIKX0DER&page=1&bbn=2476517011&ie=UTF8&qid=1448965490)
2015-12-02 13:00:32 [scrapy] DEBUG: Crawled (200) <GET http://www.amazon.com/Buffalo-David-Bitton-Nazone-Fashion/dp/B014VYCUIU/ref=sr_1_44/187-2334302-7369822?m=ATVPDKIKX0DER&s=apparel&ie=UTF8&qid=1449032413&sr=1-44&nodeID=1045624&refinements=p_6%3AATVPDKIKX0DER> (referer: http://www.amazon.com/s/ref=sr_pg_1?rh=n%3A7141123011%2Cn%3A7147441011%2Cn%3A1040658%2Cn%3A2476517011%2Cn%3A1045624%2Cp_6%3AATVPDKIKX0DER&page=1&bbn=2476517011&ie=UTF8&qid=1448965490)
2015-12-02 13:00:32 [scrapy] DEBUG: Crawled (200) <GET http://www.amazon.com/Quiksilver-Everyday-T-Shirt-Federal-Medium/dp/B00V5WDYGY/ref=sr_1_43/187-2334302-7369822?m=ATVPDKIKX0DER&s=apparel&ie=UTF8&qid=1449032413&sr=1-43&nodeID=1045624&refinements=p_6%3AATVPDKIKX0DER> (referer: http://www.amazon.com/s/ref=sr_pg_1?rh=n%3A7141123011%2Cn%3A7147441011%2Cn%3A1040658%2Cn%3A2476517011%2Cn%3A1045624%2Cp_6%3AATVPDKIKX0DER&page=1&bbn=2476517011&ie=UTF8&qid=1448965490)
2015-12-02 13:00:32 [scrapy] DEBUG: Scraped from <200 http://www.amazon.com/Carhartt-Workwear-T-Shirt-Original-K87/product-reviews/B00SM7KP6W/ref=cm_cr_dp_see_all_btm?ie=UTF8&showViewpoints=1&sortBy=bySubmissionDateDescending>
{'item': u'B002GHC1DY',
 'rate': u'5',
 'text': u'Perfect',
 'time': u'December 1, 2015',
 'user': u'A19KR1KK3KFFX9'}
2015-12-02 13:00:32 [scrapy] DEBUG: Scraped from <200 http://www.amazon.com/Carhartt-Workwear-T-Shirt-Original-K87/product-reviews/B00SM7KP6W/ref=cm_cr_dp_see_all_btm?ie=UTF8&showViewpoints=1&sortBy=bySubmissionDateDescending>
{'item': u'B002GHC1DY',
 'rate': u'5',
 'text': u"Love the quality of these shirts, but they aren't as long as I had hoped.  I purchased SEVERAL of these shirts for my husband who is a General Contractor who can never keep his shirts tucked in.  He's not super tall either, he's right at 6' but has a longer torso and I was hoping these shirts would be significantly longer than normal but they aren't.  But on the other hand, the quality is SUPERIOR!!!",
 'time': u'December 1, 2015',
 'user': u'A2OFZ0PA2H7PHQ'}
2015-12-02 13:00:32 [scrapy] DEBUG: Scraped from <200 http://www.amazon.com/Carhartt-Workwear-T-Shirt-Original-K87/product-reviews/B00SM7KP6W/ref=cm_cr_dp_see_all_btm?ie=UTF8&showViewpoints=1&sortBy=bySubmissionDateDescending>
{'item': u'B002GHC1DY',
 'rate': u'5',
 'text': u'Really like this shirts, they are heavy duty, the neck stays tight, and the pocket is a feature that I want.',
 'time': u'December 1, 2015',
 'user': u'A2HVKSIX1DABFC'}
2015-12-02 13:00:32 [scrapy] DEBUG: Scraped from <200 http://www.amazon.com/Carhartt-Workwear-T-Shirt-Original-K87/product-reviews/B00SM7KP6W/ref=cm_cr_dp_see_all_btm?ie=UTF8&showViewpoints=1&sortBy=bySubmissionDateDescending>
{'item': u'B002GHC1DY',
 'rate': u'5',
 'text': u'What a great Shirt! Heavy weight thick cotton material.  Feels extremely durable (and a hair stiffer than a normal T-shirt).  Stitching heavyweight.  Pocket placement and size are as expected.  I own 4 of these in various colors (bought two initially, then two more since I was so impressed).  One of the few easy options for Tall sizes.',
 'time': u'November 30, 2015',
 'user': u'A13AYKY9H5MW2T'}
2015-12-02 13:00:32 [scrapy] DEBUG: Scraped from <200 http://www.amazon.com/Carhartt-Workwear-T-Shirt-Original-K87/product-reviews/B00SM7KP6W/ref=cm_cr_dp_see_all_btm?ie=UTF8&showViewpoints=1&sortBy=bySubmissionDateDescending>
{'item': u'B002GHC1DY',
 'rate': u'5',
 'text': u'Husband loves these shirts!  Excellent quality, holds up better then any other tshirt available.  Little pricey but worth it.',
 'time': u'November 30, 2015',
 'user': u'A1F3T0OJHZHYL'}
2015-12-02 13:00:32 [scrapy] DEBUG: Scraped from <200 http://www.amazon.com/Carhartt-Workwear-T-Shirt-Original-K87/product-reviews/B00SM7KP6W/ref=cm_cr_dp_see_all_btm?ie=UTF8&showViewpoints=1&sortBy=bySubmissionDateDescending>
{'item': u'B002GHC1DY',
 'rate': u'5',
 'text': u'Hubby loved them! It has become one of his favorites!',
 'time': u'November 30, 2015',
 'user': u'AEJO3L307AEN0'}
2015-12-02 13:00:32 [scrapy] DEBUG: Scraped from <200 http://www.amazon.com/Carhartt-Workwear-T-Shirt-Original-K87/product-reviews/B00SM7KP6W/ref=cm_cr_dp_see_all_btm?ie=UTF8&showViewpoints=1&sortBy=bySubmissionDateDescending>
{'item': u'B002GHC1DY',
 'rate': u'4',
 'text': u'I thought these were made in the USA, these are made in Honduras. All of my other Carhartt gear is made in the USA. Not real happy with that.',
 'time': u'November 29, 2015',
 'user': u'A38KK4LTT08ILZ'}
2015-12-02 13:00:32 [scrapy] DEBUG: Scraped from <200 http://www.amazon.com/Carhartt-Workwear-T-Shirt-Original-K87/product-reviews/B00SM7KP6W/ref=cm_cr_dp_see_all_btm?ie=UTF8&showViewpoints=1&sortBy=bySubmissionDateDescending>
{'item': u'B002GHC1DY',
 'rate': u'5',
 'text': u'This is the best fitting T-shirt I have ever bought!',
 'time': u'November 28, 2015',
 'user': u'A1CR83N7UG51M3'}
2015-12-02 13:00:32 [scrapy] DEBUG: Scraped from <200 http://www.amazon.com/Carhartt-Workwear-T-Shirt-Original-K87/product-reviews/B00SM7KP6W/ref=cm_cr_dp_see_all_btm?ie=UTF8&showViewpoints=1&sortBy=bySubmissionDateDescending>
{'item': u'B002GHC1DY',
 'rate': u'4',
 'text': u'Fit as expected',
 'time': u'November 26, 2015',
 'user': u'ABK7P654Y3GP6'}
2015-12-02 13:00:32 [scrapy] DEBUG: Scraped from <200 http://www.amazon.com/Carhartt-Workwear-T-Shirt-Original-K87/product-reviews/B00SM7KP6W/ref=cm_cr_dp_see_all_btm?ie=UTF8&showViewpoints=1&sortBy=bySubmissionDateDescending>
{'item': u'B002GHC1DY',
 'rate': u'5',
 'text': u'Husband loved it!!',
 'time': u'November 26, 2015',
 'user': u'A36SG0XRKK81SE'}
2015-12-02 13:00:33 [scrapy] ERROR: Spider error processing <GET http://www.amazon.com/Quiksilver-Sleeve-T-Shirt-Athletic-Heather/dp/B00Z7MH0F4/ref=sr_1_46/187-2334302-7369822?m=ATVPDKIKX0DER&s=apparel&ie=UTF8&qid=1449032413&sr=1-46&nodeID=1045624&refinements=p_6%3AATVPDKIKX0DER> (referer: http://www.amazon.com/s/ref=sr_pg_1?rh=n%3A7141123011%2Cn%3A7147441011%2Cn%3A1040658%2Cn%3A2476517011%2Cn%3A1045624%2Cp_6%3AATVPDKIKX0DER&page=1&bbn=2476517011&ie=UTF8&qid=1448965490)
Traceback (most recent call last):
  File "/usr/local/lib/python2.7/dist-packages/Scrapy-1.0.3-py2.7.egg/scrapy/utils/defer.py", line 102, in iter_errback
    yield next(it)
  File "/usr/local/lib/python2.7/dist-packages/Scrapy-1.0.3-py2.7.egg/scrapy/spidermiddlewares/offsite.py", line 28, in process_spider_output
    for x in result:
  File "/usr/local/lib/python2.7/dist-packages/Scrapy-1.0.3-py2.7.egg/scrapy/spidermiddlewares/referer.py", line 22, in <genexpr>
    return (_set_referer(r) for r in result or ())
  File "/usr/local/lib/python2.7/dist-packages/Scrapy-1.0.3-py2.7.egg/scrapy/spidermiddlewares/urllength.py", line 37, in <genexpr>
    return (r for r in result or () if _filter(r))
  File "/usr/local/lib/python2.7/dist-packages/Scrapy-1.0.3-py2.7.egg/scrapy/spidermiddlewares/depth.py", line 54, in <genexpr>
    return (r for r in result or () if _filter(r))
  File "/home/tao/Documents/amazon/amazon/spiders/review_spider.py", line 38, in parse_item_page
    response = urllib2.urlopen(this_review_url)
  File "/usr/lib/python2.7/urllib2.py", line 126, in urlopen
    return _opener.open(url, data, timeout)
  File "/usr/lib/python2.7/urllib2.py", line 406, in open
    response = meth(req, response)
  File "/usr/lib/python2.7/urllib2.py", line 519, in http_response
    'http', request, response, code, msg, hdrs)
  File "/usr/lib/python2.7/urllib2.py", line 444, in error
    return self._call_chain(*args)
  File "/usr/lib/python2.7/urllib2.py", line 378, in _call_chain
    result = func(*args)
  File "/usr/lib/python2.7/urllib2.py", line 527, in http_error_default
    raise HTTPError(req.get_full_url(), code, msg, hdrs, fp)
HTTPError: HTTP Error 503: Service Unavailable
2015-12-02 13:00:33 [scrapy] DEBUG: Crawled (200) <GET http://www.amazon.com/Calvin-Klein-Sleeve-Graphic-V-Neck/product-reviews/B016OY11EE/ref=cm_cr_dp_see_all_btm?ie=UTF8&showViewpoints=1&sortBy=bySubmissionDateDescending> (referer: http://www.amazon.com/Calvin-Klein-Sleeve-Graphic-Heather/dp/B016OY9UQU/ref=sr_1_1/187-2334302-7369822?m=ATVPDKIKX0DER&s=apparel&ie=UTF8&qid=1449032413&sr=1-1&nodeID=1045624&refinements=p_6%3AATVPDKIKX0DER)
2015-12-02 13:00:34 [scrapy] ERROR: Spider error processing <GET http://www.amazon.com/Akademiks-Big-Tall-Sleeve-T-Shirt-3X-Large/dp/B0153V19HI/ref=sr_1_45/187-2334302-7369822?m=ATVPDKIKX0DER&s=apparel&ie=UTF8&qid=1449032413&sr=1-45&nodeID=1045624&refinements=p_6%3AATVPDKIKX0DER> (referer: http://www.amazon.com/s/ref=sr_pg_1?rh=n%3A7141123011%2Cn%3A7147441011%2Cn%3A1040658%2Cn%3A2476517011%2Cn%3A1045624%2Cp_6%3AATVPDKIKX0DER&page=1&bbn=2476517011&ie=UTF8&qid=1448965490)
Traceback (most recent call last):
  File "/usr/local/lib/python2.7/dist-packages/Scrapy-1.0.3-py2.7.egg/scrapy/utils/defer.py", line 102, in iter_errback
    yield next(it)
  File "/usr/local/lib/python2.7/dist-packages/Scrapy-1.0.3-py2.7.egg/scrapy/spidermiddlewares/offsite.py", line 28, in process_spider_output
    for x in result:
  File "/usr/local/lib/python2.7/dist-packages/Scrapy-1.0.3-py2.7.egg/scrapy/spidermiddlewares/referer.py", line 22, in <genexpr>
    return (_set_referer(r) for r in result or ())
  File "/usr/local/lib/python2.7/dist-packages/Scrapy-1.0.3-py2.7.egg/scrapy/spidermiddlewares/urllength.py", line 37, in <genexpr>
    return (r for r in result or () if _filter(r))
  File "/usr/local/lib/python2.7/dist-packages/Scrapy-1.0.3-py2.7.egg/scrapy/spidermiddlewares/depth.py", line 54, in <genexpr>
    return (r for r in result or () if _filter(r))
  File "/home/tao/Documents/amazon/amazon/spiders/review_spider.py", line 39, in parse_item_page
    this_review_url_sel = Selector(response.read())
  File "/usr/local/lib/python2.7/dist-packages/Scrapy-1.0.3-py2.7.egg/scrapy/selector/unified.py", line 80, in __init__
    _root = LxmlDocument(response, self._parser)
  File "/usr/local/lib/python2.7/dist-packages/Scrapy-1.0.3-py2.7.egg/scrapy/selector/lxmldocument.py", line 24, in __new__
    cache = cls.cache.setdefault(response, {})
  File "/usr/lib/python2.7/weakref.py", line 369, in setdefault
    return self.data.setdefault(ref(key, self._remove),default)
TypeError: cannot create weak reference to 'str' object
2015-12-02 13:00:34 [scrapy] DEBUG: Crawled (200) <GET http://www.amazon.com/Original-Penguin-Sleeve-Chance-Sapphire/dp/B016NENGYI/ref=sr_1_41/187-2334302-7369822?m=ATVPDKIKX0DER&s=apparel&ie=UTF8&qid=1449032413&sr=1-41&nodeID=1045624&refinements=p_6%3AATVPDKIKX0DER> (referer: http://www.amazon.com/s/ref=sr_pg_1?rh=n%3A7141123011%2Cn%3A7147441011%2Cn%3A1040658%2Cn%3A2476517011%2Cn%3A1045624%2Cp_6%3AATVPDKIKX0DER&page=1&bbn=2476517011&ie=UTF8&qid=1448965490)
2015-12-02 13:00:39 [scrapy] ERROR: Spider error processing <GET http://www.amazon.com/Quiksilver-Everyday-T-Shirt-Federal-Medium/dp/B00V5WDYGY/ref=sr_1_43/187-2334302-7369822?m=ATVPDKIKX0DER&s=apparel&ie=UTF8&qid=1449032413&sr=1-43&nodeID=1045624&refinements=p_6%3AATVPDKIKX0DER> (referer: http://www.amazon.com/s/ref=sr_pg_1?rh=n%3A7141123011%2Cn%3A7147441011%2Cn%3A1040658%2Cn%3A2476517011%2Cn%3A1045624%2Cp_6%3AATVPDKIKX0DER&page=1&bbn=2476517011&ie=UTF8&qid=1448965490)
Traceback (most recent call last):
  File "/usr/local/lib/python2.7/dist-packages/Scrapy-1.0.3-py2.7.egg/scrapy/utils/defer.py", line 102, in iter_errback
    yield next(it)
  File "/usr/local/lib/python2.7/dist-packages/Scrapy-1.0.3-py2.7.egg/scrapy/spidermiddlewares/offsite.py", line 28, in process_spider_output
    for x in result:
  File "/usr/local/lib/python2.7/dist-packages/Scrapy-1.0.3-py2.7.egg/scrapy/spidermiddlewares/referer.py", line 22, in <genexpr>
    return (_set_referer(r) for r in result or ())
  File "/usr/local/lib/python2.7/dist-packages/Scrapy-1.0.3-py2.7.egg/scrapy/spidermiddlewares/urllength.py", line 37, in <genexpr>
    return (r for r in result or () if _filter(r))
  File "/usr/local/lib/python2.7/dist-packages/Scrapy-1.0.3-py2.7.egg/scrapy/spidermiddlewares/depth.py", line 54, in <genexpr>
    return (r for r in result or () if _filter(r))
  File "/home/tao/Documents/amazon/amazon/spiders/review_spider.py", line 39, in parse_item_page
    this_review_url_sel = Selector(response.read())
  File "/usr/local/lib/python2.7/dist-packages/Scrapy-1.0.3-py2.7.egg/scrapy/selector/unified.py", line 80, in __init__
    _root = LxmlDocument(response, self._parser)
  File "/usr/local/lib/python2.7/dist-packages/Scrapy-1.0.3-py2.7.egg/scrapy/selector/lxmldocument.py", line 24, in __new__
    cache = cls.cache.setdefault(response, {})
  File "/usr/lib/python2.7/weakref.py", line 369, in setdefault
    return self.data.setdefault(ref(key, self._remove),default)
TypeError: cannot create weak reference to 'str' object
2015-12-02 13:00:39 [scrapy] DEBUG: Crawled (200) <GET http://www.amazon.com/Calvin-Klein-Short-Sleeve-Digital/product-reviews/B016OY12VQ/ref=cm_cr_dp_see_all_btm?ie=UTF8&showViewpoints=1&sortBy=bySubmissionDateDescending> (referer: http://www.amazon.com/Calvin-Klein-Short-Sleeve-Digital/dp/B016OY1YWI/ref=sr_1_20/187-2334302-7369822?m=ATVPDKIKX0DER&s=apparel&ie=UTF8&qid=1449032413&sr=1-20&nodeID=1045624&refinements=p_6%3AATVPDKIKX0DER)
2015-12-02 13:00:39 [scrapy] DEBUG: Crawled (200) <GET http://www.amazon.com/Original-Penguin-Sleeve-Sapphire-Medium/dp/B0132BD0E6/ref=sr_1_37/187-2334302-7369822?m=ATVPDKIKX0DER&s=apparel&ie=UTF8&qid=1449032413&sr=1-37&nodeID=1045624&refinements=p_6%3AATVPDKIKX0DER> (referer: http://www.amazon.com/s/ref=sr_pg_1?rh=n%3A7141123011%2Cn%3A7147441011%2Cn%3A1040658%2Cn%3A2476517011%2Cn%3A1045624%2Cp_6%3AATVPDKIKX0DER&page=1&bbn=2476517011&ie=UTF8&qid=1448965490)
2015-12-02 13:00:39 [scrapy] DEBUG: Crawled (200) <GET http://www.amazon.com/Original-Penguin-Contrast-T-Shirt-Sapphire/dp/B0158Z575Y/ref=sr_1_36/187-2334302-7369822?m=ATVPDKIKX0DER&s=apparel&ie=UTF8&qid=1449032413&sr=1-36&nodeID=1045624&refinements=p_6%3AATVPDKIKX0DER> (referer: http://www.amazon.com/s/ref=sr_pg_1?rh=n%3A7141123011%2Cn%3A7147441011%2Cn%3A1040658%2Cn%3A2476517011%2Cn%3A1045624%2Cp_6%3AATVPDKIKX0DER&page=1&bbn=2476517011&ie=UTF8&qid=1448965490)
2015-12-02 13:00:39 [scrapy] DEBUG: Crawled (200) <GET http://www.amazon.com/Original-Penguin-Mens-Snorkel-Medium/dp/B014UWBL9W/ref=sr_1_38/187-2334302-7369822?m=ATVPDKIKX0DER&s=apparel&ie=UTF8&qid=1449032413&sr=1-38&nodeID=1045624&refinements=p_6%3AATVPDKIKX0DER> (referer: http://www.amazon.com/s/ref=sr_pg_1?rh=n%3A7141123011%2Cn%3A7147441011%2Cn%3A1040658%2Cn%3A2476517011%2Cn%3A1045624%2Cp_6%3AATVPDKIKX0DER&page=1&bbn=2476517011&ie=UTF8&qid=1448965490)
2015-12-02 13:00:39 [scrapy] DEBUG: Scraped from <200 http://www.amazon.com/Calvin-Klein-Sleeve-Graphic-V-Neck/product-reviews/B016OY11EE/ref=cm_cr_dp_see_all_btm?ie=UTF8&showViewpoints=1&sortBy=bySubmissionDateDescending>
{'item': u'B016OY9UQU',
 'rate': u'4',
 'text': u'it is good to wear.',
 'time': u'December 1, 2015',
 'user': u'A1EG4RF5W0T4IW'}
2015-12-02 13:00:39 [scrapy] DEBUG: Crawled (200) <GET http://www.amazon.com/Dickies-Big-Tall-Heavyweight-Sleeve-XX-Large/dp/B00B6ED0YM/ref=sr_1_40/187-2334302-7369822?m=ATVPDKIKX0DER&s=apparel&ie=UTF8&qid=1449032413&sr=1-40&nodeID=1045624&refinements=p_6%3AATVPDKIKX0DER> (referer: http://www.amazon.com/s/ref=sr_pg_1?rh=n%3A7141123011%2Cn%3A7147441011%2Cn%3A1040658%2Cn%3A2476517011%2Cn%3A1045624%2Cp_6%3AATVPDKIKX0DER&page=1&bbn=2476517011&ie=UTF8&qid=1448965490)
2015-12-02 13:00:39 [scrapy] DEBUG: Crawled (200) <GET http://www.amazon.com/Champion-Powertrain-Performance-T-Shirt-Granite/dp/B00CDJD5BM/ref=sr_1_42/187-2334302-7369822?m=ATVPDKIKX0DER&s=apparel&ie=UTF8&qid=1449032413&sr=1-42&nodeID=1045624&refinements=p_6%3AATVPDKIKX0DER> (referer: http://www.amazon.com/s/ref=sr_pg_1?rh=n%3A7141123011%2Cn%3A7147441011%2Cn%3A1040658%2Cn%3A2476517011%2Cn%3A1045624%2Cp_6%3AATVPDKIKX0DER&page=1&bbn=2476517011&ie=UTF8&qid=1448965490)
2015-12-02 13:00:39 [scrapy] DEBUG: Crawled (200) <GET http://www.amazon.com/Scotch-Soda-V-Neck-T-Shirt-X-Large/dp/B012YWWIX8/ref=sr_1_39/187-2334302-7369822?m=ATVPDKIKX0DER&s=apparel&ie=UTF8&qid=1449032413&sr=1-39&nodeID=1045624&refinements=p_6%3AATVPDKIKX0DER> (referer: http://www.amazon.com/s/ref=sr_pg_1?rh=n%3A7141123011%2Cn%3A7147441011%2Cn%3A1040658%2Cn%3A2476517011%2Cn%3A1045624%2Cp_6%3AATVPDKIKX0DER&page=1&bbn=2476517011&ie=UTF8&qid=1448965490)
2015-12-02 13:00:39 [scrapy] DEBUG: Scraped from <200 http://www.amazon.com/Calvin-Klein-Short-Sleeve-Digital/product-reviews/B016OY12VQ/ref=cm_cr_dp_see_all_btm?ie=UTF8&showViewpoints=1&sortBy=bySubmissionDateDescending>
{'item': u'B016OY1YWI',
 'rate': u'3',
 'text': u'the t shirt its slim fit and This did not explain in the item description .',
 'time': u'November 30, 2015',
 'user': u'A1ESY2M40IB6DQ'}
2015-12-02 13:00:42 [scrapy] ERROR: Spider error processing <GET http://www.amazon.com/Dickies-Big-Tall-Heavyweight-Sleeve-XX-Large/dp/B00B6ED0YM/ref=sr_1_40/187-2334302-7369822?m=ATVPDKIKX0DER&s=apparel&ie=UTF8&qid=1449032413&sr=1-40&nodeID=1045624&refinements=p_6%3AATVPDKIKX0DER> (referer: http://www.amazon.com/s/ref=sr_pg_1?rh=n%3A7141123011%2Cn%3A7147441011%2Cn%3A1040658%2Cn%3A2476517011%2Cn%3A1045624%2Cp_6%3AATVPDKIKX0DER&page=1&bbn=2476517011&ie=UTF8&qid=1448965490)
Traceback (most recent call last):
  File "/usr/local/lib/python2.7/dist-packages/Scrapy-1.0.3-py2.7.egg/scrapy/utils/defer.py", line 102, in iter_errback
    yield next(it)
  File "/usr/local/lib/python2.7/dist-packages/Scrapy-1.0.3-py2.7.egg/scrapy/spidermiddlewares/offsite.py", line 28, in process_spider_output
    for x in result:
  File "/usr/local/lib/python2.7/dist-packages/Scrapy-1.0.3-py2.7.egg/scrapy/spidermiddlewares/referer.py", line 22, in <genexpr>
    return (_set_referer(r) for r in result or ())
  File "/usr/local/lib/python2.7/dist-packages/Scrapy-1.0.3-py2.7.egg/scrapy/spidermiddlewares/urllength.py", line 37, in <genexpr>
    return (r for r in result or () if _filter(r))
  File "/usr/local/lib/python2.7/dist-packages/Scrapy-1.0.3-py2.7.egg/scrapy/spidermiddlewares/depth.py", line 54, in <genexpr>
    return (r for r in result or () if _filter(r))
  File "/home/tao/Documents/amazon/amazon/spiders/review_spider.py", line 39, in parse_item_page
    this_review_url_sel = Selector(response.read())
  File "/usr/local/lib/python2.7/dist-packages/Scrapy-1.0.3-py2.7.egg/scrapy/selector/unified.py", line 80, in __init__
    _root = LxmlDocument(response, self._parser)
  File "/usr/local/lib/python2.7/dist-packages/Scrapy-1.0.3-py2.7.egg/scrapy/selector/lxmldocument.py", line 24, in __new__
    cache = cls.cache.setdefault(response, {})
  File "/usr/lib/python2.7/weakref.py", line 369, in setdefault
    return self.data.setdefault(ref(key, self._remove),default)
TypeError: cannot create weak reference to 'str' object
2015-12-02 13:00:53 [scrapy] ERROR: Spider error processing <GET http://www.amazon.com/Champion-Powertrain-Performance-T-Shirt-Granite/dp/B00CDJD5BM/ref=sr_1_42/187-2334302-7369822?m=ATVPDKIKX0DER&s=apparel&ie=UTF8&qid=1449032413&sr=1-42&nodeID=1045624&refinements=p_6%3AATVPDKIKX0DER> (referer: http://www.amazon.com/s/ref=sr_pg_1?rh=n%3A7141123011%2Cn%3A7147441011%2Cn%3A1040658%2Cn%3A2476517011%2Cn%3A1045624%2Cp_6%3AATVPDKIKX0DER&page=1&bbn=2476517011&ie=UTF8&qid=1448965490)
Traceback (most recent call last):
  File "/usr/local/lib/python2.7/dist-packages/Scrapy-1.0.3-py2.7.egg/scrapy/utils/defer.py", line 102, in iter_errback
    yield next(it)
  File "/usr/local/lib/python2.7/dist-packages/Scrapy-1.0.3-py2.7.egg/scrapy/spidermiddlewares/offsite.py", line 28, in process_spider_output
    for x in result:
  File "/usr/local/lib/python2.7/dist-packages/Scrapy-1.0.3-py2.7.egg/scrapy/spidermiddlewares/referer.py", line 22, in <genexpr>
    return (_set_referer(r) for r in result or ())
  File "/usr/local/lib/python2.7/dist-packages/Scrapy-1.0.3-py2.7.egg/scrapy/spidermiddlewares/urllength.py", line 37, in <genexpr>
    return (r for r in result or () if _filter(r))
  File "/usr/local/lib/python2.7/dist-packages/Scrapy-1.0.3-py2.7.egg/scrapy/spidermiddlewares/depth.py", line 54, in <genexpr>
    return (r for r in result or () if _filter(r))
  File "/home/tao/Documents/amazon/amazon/spiders/review_spider.py", line 39, in parse_item_page
    this_review_url_sel = Selector(response.read())
  File "/usr/local/lib/python2.7/dist-packages/Scrapy-1.0.3-py2.7.egg/scrapy/selector/unified.py", line 80, in __init__
    _root = LxmlDocument(response, self._parser)
  File "/usr/local/lib/python2.7/dist-packages/Scrapy-1.0.3-py2.7.egg/scrapy/selector/lxmldocument.py", line 24, in __new__
    cache = cls.cache.setdefault(response, {})
  File "/usr/lib/python2.7/weakref.py", line 369, in setdefault
    return self.data.setdefault(ref(key, self._remove),default)
TypeError: cannot create weak reference to 'str' object
2015-12-02 13:00:53 [scrapy] DEBUG: Crawled (200) <GET http://www.amazon.com/Carhartt-Workwear-Midweight-Long-Sleeve-T-Shirt/product-reviews/B002G9U8ZA/ref=cm_cr_dp_see_all_btm?ie=UTF8&showViewpoints=1&sortBy=bySubmissionDateDescending> (referer: http://www.amazon.com/Carhartt-Workwear-Pocket-Midweight-Original/dp/B002GHC1KC/ref=sr_1_22/187-2334302-7369822?m=ATVPDKIKX0DER&s=apparel&ie=UTF8&qid=1449032413&sr=1-22&nodeID=1045624&refinements=p_6%3AATVPDKIKX0DER)
2015-12-02 13:00:53 [scrapy] DEBUG: Crawled (200) <GET http://www.amazon.com/Akademiks-Big-Tall-Short-Sleeve-T-Shirt/product-reviews/B0153V0F50/ref=cm_cr_dp_see_all_btm?ie=UTF8&showViewpoints=1&sortBy=bySubmissionDateDescending> (referer: http://www.amazon.com/Akademiks-Big-Tall-Sleeve-T-Shirt-3X-Large/dp/B0153V19HI/ref=sr_1_45/187-2334302-7369822?m=ATVPDKIKX0DER&s=apparel&ie=UTF8&qid=1449032413&sr=1-45&nodeID=1045624&refinements=p_6%3AATVPDKIKX0DER)
2015-12-02 13:00:53 [scrapy] DEBUG: Crawled (200) <GET http://www.amazon.com/Fruit-Loom-4-Pack-Pocket-T-Shirt/dp/B00817DW8Q/ref=sr_1_32/187-2334302-7369822?m=ATVPDKIKX0DER&s=apparel&ie=UTF8&qid=1449032413&sr=1-32&nodeID=1045624&refinements=p_6%3AATVPDKIKX0DER> (referer: http://www.amazon.com/s/ref=sr_pg_1?rh=n%3A7141123011%2Cn%3A7147441011%2Cn%3A1040658%2Cn%3A2476517011%2Cn%3A1045624%2Cp_6%3AATVPDKIKX0DER&page=1&bbn=2476517011&ie=UTF8&qid=1448965490)
2015-12-02 13:00:53 [scrapy] DEBUG: Crawled (200) <GET http://www.amazon.com/HUF-Crystal-Script-Forest-Small/dp/B015TCEKF4/ref=sr_1_15/187-2334302-7369822?m=ATVPDKIKX0DER&s=apparel&ie=UTF8&qid=1449032413&sr=1-15&nodeID=1045624&refinements=p_6%3AATVPDKIKX0DER> (referer: http://www.amazon.com/s/ref=sr_pg_1?rh=n%3A7141123011%2Cn%3A7147441011%2Cn%3A1040658%2Cn%3A2476517011%2Cn%3A1045624%2Cp_6%3AATVPDKIKX0DER&page=1&bbn=2476517011&ie=UTF8&qid=1448965490)
2015-12-02 13:00:53 [scrapy] DEBUG: Crawled (200) <GET http://www.amazon.com/Original-Penguin-Beard-Specs-Medium/dp/B015MXNYPW/ref=sr_1_16/187-2334302-7369822?m=ATVPDKIKX0DER&s=apparel&ie=UTF8&qid=1449032413&sr=1-16&nodeID=1045624&refinements=p_6%3AATVPDKIKX0DER> (referer: http://www.amazon.com/s/ref=sr_pg_1?rh=n%3A7141123011%2Cn%3A7147441011%2Cn%3A1040658%2Cn%3A2476517011%2Cn%3A1045624%2Cp_6%3AATVPDKIKX0DER&page=1&bbn=2476517011&ie=UTF8&qid=1448965490)
2015-12-02 13:00:53 [scrapy] DEBUG: Crawled (200) <GET http://www.amazon.com/Champion-Jersey-T-Shirt-Black-X-Large/dp/B0010EG81U/ref=sr_1_34/187-2334302-7369822?m=ATVPDKIKX0DER&s=apparel&ie=UTF8&qid=1449032413&sr=1-34&nodeID=1045624&refinements=p_6%3AATVPDKIKX0DER> (referer: http://www.amazon.com/s/ref=sr_pg_1?rh=n%3A7141123011%2Cn%3A7147441011%2Cn%3A1040658%2Cn%3A2476517011%2Cn%3A1045624%2Cp_6%3AATVPDKIKX0DER&page=1&bbn=2476517011&ie=UTF8&qid=1448965490)
2015-12-02 13:00:53 [scrapy] DEBUG: Crawled (200) <GET http://www.amazon.com/Champion-Mens-Sleeve-White-Medium/dp/B001B2JIHC/ref=sr_1_35/187-2334302-7369822?m=ATVPDKIKX0DER&s=apparel&ie=UTF8&qid=1449032413&sr=1-35&nodeID=1045624&refinements=p_6%3AATVPDKIKX0DER> (referer: http://www.amazon.com/s/ref=sr_pg_1?rh=n%3A7141123011%2Cn%3A7147441011%2Cn%3A1040658%2Cn%3A2476517011%2Cn%3A1045624%2Cp_6%3AATVPDKIKX0DER&page=1&bbn=2476517011&ie=UTF8&qid=1448965490)
2015-12-02 13:00:53 [scrapy] DEBUG: Crawled (200) <GET http://www.amazon.com/American-Apparel-Unisex-Jersey-T-Shirt/dp/B008P4EE8M/ref=sr_1_33/187-2334302-7369822?m=ATVPDKIKX0DER&s=apparel&ie=UTF8&qid=1449032413&sr=1-33&nodeID=1045624&refinements=p_6%3AATVPDKIKX0DER> (referer: http://www.amazon.com/s/ref=sr_pg_1?rh=n%3A7141123011%2Cn%3A7147441011%2Cn%3A1040658%2Cn%3A2476517011%2Cn%3A1045624%2Cp_6%3AATVPDKIKX0DER&page=1&bbn=2476517011&ie=UTF8&qid=1448965490)
2015-12-02 13:00:53 [scrapy] DEBUG: Scraped from <200 http://www.amazon.com/Carhartt-Workwear-Midweight-Long-Sleeve-T-Shirt/product-reviews/B002G9U8ZA/ref=cm_cr_dp_see_all_btm?ie=UTF8&showViewpoints=1&sortBy=bySubmissionDateDescending>
{'item': u'B002GHC1KC',
 'rate': u'4',
 'text': u'The Carhartt shirt is nice but was a little thinner than some of the other Carhartt shirts that I have. I reckon a different weight. If you wear a 2XL buy a XL. They run a little large. Nice shirt, I just wanted one a little thicker.',
 'time': u'December 1, 2015',
 'user': u'A381PONLZCA8I6'}
2015-12-02 13:00:53 [scrapy] DEBUG: Scraped from <200 http://www.amazon.com/Carhartt-Workwear-Midweight-Long-Sleeve-T-Shirt/product-reviews/B002G9U8ZA/ref=cm_cr_dp_see_all_btm?ie=UTF8&showViewpoints=1&sortBy=bySubmissionDateDescending>
{'item': u'B002GHC1KC',
 'rate': u'5',
 'text': u'great shirt , runs big',
 'time': u'December 1, 2015',
 'user': u'ALMOSKCI3EGGF'}
2015-12-02 13:00:53 [scrapy] DEBUG: Scraped from <200 http://www.amazon.com/Carhartt-Workwear-Midweight-Long-Sleeve-T-Shirt/product-reviews/B002G9U8ZA/ref=cm_cr_dp_see_all_btm?ie=UTF8&showViewpoints=1&sortBy=bySubmissionDateDescending>
{'item': u'B002GHC1KC',
 'rate': u'5',
 'text': u'Great shirt',
 'time': u'November 27, 2015',
 'user': u'A3EK2K7SN9G4VO'}
2015-12-02 13:00:53 [scrapy] DEBUG: Scraped from <200 http://www.amazon.com/Carhartt-Workwear-Midweight-Long-Sleeve-T-Shirt/product-reviews/B002G9U8ZA/ref=cm_cr_dp_see_all_btm?ie=UTF8&showViewpoints=1&sortBy=bySubmissionDateDescending>
{'item': u'B002GHC1KC',
 'rate': u'4',
 'text': u'The shirt fits about as well as I expected and I have received several compliments on how the shirt looks on me.',
 'time': u'November 26, 2015',
 'user': u'A30X14ZOADC4PA'}
2015-12-02 13:00:53 [scrapy] DEBUG: Scraped from <200 http://www.amazon.com/Carhartt-Workwear-Midweight-Long-Sleeve-T-Shirt/product-reviews/B002G9U8ZA/ref=cm_cr_dp_see_all_btm?ie=UTF8&showViewpoints=1&sortBy=bySubmissionDateDescending>
{'item': u'B002GHC1KC',
 'rate': u'5',
 'text': u'I love the shirts. They are made out of fairly heavy material and will last a long time. I am 6\'3" 195 lbs.. The first two I ordered several months ago in large tall, due to the reviews here saying they run long and large. That turned out to be true. I would normally order at least x-large tall but these fit just fine. I decided to order two more in different colors last week and the large tall were no longer available. I went ahead and ordered the regular Large but not in tall. I really can\'t see a lot of difference in the large/tall and the large/regular. The regular are also long in the sleeves and the body just like the Tall size. Unless you are the Jolly Green Giant don\'t worry about these shirts being long enough in the body and sleeves. Regular Large fits me well where I would normally require x-large tall in any other shirt. The Talls are really almost too long so regular is fine.',
 'time': u'November 25, 2015',
 'user': u'A1OHJ2WWHWZ4I6'}
2015-12-02 13:00:53 [scrapy] DEBUG: Scraped from <200 http://www.amazon.com/Carhartt-Workwear-Midweight-Long-Sleeve-T-Shirt/product-reviews/B002G9U8ZA/ref=cm_cr_dp_see_all_btm?ie=UTF8&showViewpoints=1&sortBy=bySubmissionDateDescending>
{'item': u'B002GHC1KC',
 'rate': u'4',
 'text': u'Shrunk a little in the wash. But still a little big for a medium.',
 'time': u'November 24, 2015',
 'user': u'A2OTV56M2BW3ND'}
2015-12-02 13:00:53 [scrapy] DEBUG: Scraped from <200 http://www.amazon.com/Carhartt-Workwear-Midweight-Long-Sleeve-T-Shirt/product-reviews/B002G9U8ZA/ref=cm_cr_dp_see_all_btm?ie=UTF8&showViewpoints=1&sortBy=bySubmissionDateDescending>
{'item': u'B002GHC1KC',
 'rate': u'5',
 'text': u'Better than shopping, delivered to the door for free.....awesome experience....',
 'time': u'November 24, 2015',
 'user': u'A55M9X2JKPJFT'}
2015-12-02 13:00:53 [scrapy] DEBUG: Scraped from <200 http://www.amazon.com/Carhartt-Workwear-Midweight-Long-Sleeve-T-Shirt/product-reviews/B002G9U8ZA/ref=cm_cr_dp_see_all_btm?ie=UTF8&showViewpoints=1&sortBy=bySubmissionDateDescending>
{'item': u'B002GHC1KC',
 'rate': u'5',
 'text': u'Perfecto as always!!!',
 'time': u'November 22, 2015',
 'user': u'A2Z7QFZ3BMZCGB'}
2015-12-02 13:00:53 [scrapy] DEBUG: Scraped from <200 http://www.amazon.com/Carhartt-Workwear-Midweight-Long-Sleeve-T-Shirt/product-reviews/B002G9U8ZA/ref=cm_cr_dp_see_all_btm?ie=UTF8&showViewpoints=1&sortBy=bySubmissionDateDescending>
{'item': u'B002GHC1KC',
 'rate': u'5',
 'text': u"Comfy, good fit, quality fabric and construction.  You can't go wrong with Carhartt.",
 'time': u'November 22, 2015',
 'user': u'A14GSW30T7TJCC'}
2015-12-02 13:00:53 [scrapy] DEBUG: Scraped from <200 http://www.amazon.com/Carhartt-Workwear-Midweight-Long-Sleeve-T-Shirt/product-reviews/B002G9U8ZA/ref=cm_cr_dp_see_all_btm?ie=UTF8&showViewpoints=1&sortBy=bySubmissionDateDescending>
{'item': u'B002GHC1KC',
 'rate': u'5',
 'text': u"Well built shirt....nice and heavy....wish elastic in sleeves was more elastic (forgetful)....slide them up over your elbows for a few hours and when ya slide them down they aren't so forgetful.  Kinda sucks....short sleeve would be great.",
 'time': u'November 21, 2015',
 'user': u'A1B8PW3586KLXO'}
2015-12-02 13:00:53 [scrapy] DEBUG: Scraped from <200 http://www.amazon.com/Akademiks-Big-Tall-Short-Sleeve-T-Shirt/product-reviews/B0153V0F50/ref=cm_cr_dp_see_all_btm?ie=UTF8&showViewpoints=1&sortBy=bySubmissionDateDescending>
{'item': u'B0153V19HI',
 'rate': u'5',
 'text': u'Fits perfect. Nice material',
 'time': u'October 29, 2015',
 'user': u'A1MOA17DLGVYTA'}
2015-12-02 13:00:55 [scrapy] ERROR: Spider error processing <GET http://www.amazon.com/Fruit-Loom-4-Pack-Pocket-T-Shirt/dp/B00817DW8Q/ref=sr_1_32/187-2334302-7369822?m=ATVPDKIKX0DER&s=apparel&ie=UTF8&qid=1449032413&sr=1-32&nodeID=1045624&refinements=p_6%3AATVPDKIKX0DER> (referer: http://www.amazon.com/s/ref=sr_pg_1?rh=n%3A7141123011%2Cn%3A7147441011%2Cn%3A1040658%2Cn%3A2476517011%2Cn%3A1045624%2Cp_6%3AATVPDKIKX0DER&page=1&bbn=2476517011&ie=UTF8&qid=1448965490)
Traceback (most recent call last):
  File "/usr/local/lib/python2.7/dist-packages/Scrapy-1.0.3-py2.7.egg/scrapy/utils/defer.py", line 102, in iter_errback
    yield next(it)
  File "/usr/local/lib/python2.7/dist-packages/Scrapy-1.0.3-py2.7.egg/scrapy/spidermiddlewares/offsite.py", line 28, in process_spider_output
    for x in result:
  File "/usr/local/lib/python2.7/dist-packages/Scrapy-1.0.3-py2.7.egg/scrapy/spidermiddlewares/referer.py", line 22, in <genexpr>
    return (_set_referer(r) for r in result or ())
  File "/usr/local/lib/python2.7/dist-packages/Scrapy-1.0.3-py2.7.egg/scrapy/spidermiddlewares/urllength.py", line 37, in <genexpr>
    return (r for r in result or () if _filter(r))
  File "/usr/local/lib/python2.7/dist-packages/Scrapy-1.0.3-py2.7.egg/scrapy/spidermiddlewares/depth.py", line 54, in <genexpr>
    return (r for r in result or () if _filter(r))
  File "/home/tao/Documents/amazon/amazon/spiders/review_spider.py", line 39, in parse_item_page
    this_review_url_sel = Selector(response.read())
  File "/usr/local/lib/python2.7/dist-packages/Scrapy-1.0.3-py2.7.egg/scrapy/selector/unified.py", line 80, in __init__
    _root = LxmlDocument(response, self._parser)
  File "/usr/local/lib/python2.7/dist-packages/Scrapy-1.0.3-py2.7.egg/scrapy/selector/lxmldocument.py", line 24, in __new__
    cache = cls.cache.setdefault(response, {})
  File "/usr/lib/python2.7/weakref.py", line 369, in setdefault
    return self.data.setdefault(ref(key, self._remove),default)
TypeError: cannot create weak reference to 'str' object
2015-12-02 13:00:55 [scrapy] DEBUG: Crawled (200) <GET http://www.amazon.com/Quiksilver-Mens-Everyday-Logo-T-Shirt/product-reviews/B00QIKASJO/ref=cm_cr_dp_see_all_btm?ie=UTF8&showViewpoints=1&sortBy=bySubmissionDateDescending> (referer: http://www.amazon.com/Quiksilver-Everyday-T-Shirt-Federal-Medium/dp/B00V5WDYGY/ref=sr_1_43/187-2334302-7369822?m=ATVPDKIKX0DER&s=apparel&ie=UTF8&qid=1449032413&sr=1-43&nodeID=1045624&refinements=p_6%3AATVPDKIKX0DER)
2015-12-02 13:00:55 [scrapy] DEBUG: Crawled (200) <GET http://www.amazon.com/Quiksilver-Mens-Logo-Sleeve-T-Shirt/product-reviews/B0100ZSI26/ref=cm_cr_dp_see_all_btm?ie=UTF8&showViewpoints=1&sortBy=bySubmissionDateDescending> (referer: http://www.amazon.com/Quiksilver-Sleeve-T-Shirt-Athletic-Heather/dp/B00Z7MH0F4/ref=sr_1_46/187-2334302-7369822?m=ATVPDKIKX0DER&s=apparel&ie=UTF8&qid=1449032413&sr=1-46&nodeID=1045624&refinements=p_6%3AATVPDKIKX0DER)
2015-12-02 13:00:55 [scrapy] DEBUG: Crawled (200) <GET http://www.amazon.com/AG-Adriano-Goldschmied-Commute-Heather/dp/B012I14YN2/ref=sr_1_13/187-2334302-7369822?m=ATVPDKIKX0DER&s=apparel&ie=UTF8&qid=1449032413&sr=1-13&nodeID=1045624&refinements=p_6%3AATVPDKIKX0DER> (referer: http://www.amazon.com/s/ref=sr_pg_1?rh=n%3A7141123011%2Cn%3A7147441011%2Cn%3A1040658%2Cn%3A2476517011%2Cn%3A1045624%2Cp_6%3AATVPDKIKX0DER&page=1&bbn=2476517011&ie=UTF8&qid=1448965490)
2015-12-02 13:00:55 [scrapy] DEBUG: Crawled (200) <GET http://www.amazon.com/HUF-Bunny-Pocket-Black-X-Large/dp/B015TCDIH0/ref=sr_1_10/187-2334302-7369822?m=ATVPDKIKX0DER&s=apparel&ie=UTF8&qid=1449032413&sr=1-10&nodeID=1045624&refinements=p_6%3AATVPDKIKX0DER> (referer: http://www.amazon.com/s/ref=sr_pg_1?rh=n%3A7141123011%2Cn%3A7147441011%2Cn%3A1040658%2Cn%3A2476517011%2Cn%3A1045624%2Cp_6%3AATVPDKIKX0DER&page=1&bbn=2476517011&ie=UTF8&qid=1448965490)
2015-12-02 13:00:55 [scrapy] DEBUG: Crawled (200) <GET http://www.amazon.com/Calvin-Klein-Sleeve-Pocket-T-Shirt/dp/B016OY8TVM/ref=sr_1_12/187-2334302-7369822?m=ATVPDKIKX0DER&s=apparel&ie=UTF8&qid=1449032413&sr=1-12&nodeID=1045624&refinements=p_6%3AATVPDKIKX0DER> (referer: http://www.amazon.com/s/ref=sr_pg_1?rh=n%3A7141123011%2Cn%3A7147441011%2Cn%3A1040658%2Cn%3A2476517011%2Cn%3A1045624%2Cp_6%3AATVPDKIKX0DER&page=1&bbn=2476517011&ie=UTF8&qid=1448965490)
2015-12-02 13:00:55 [scrapy] DEBUG: Crawled (200) <GET http://www.amazon.com/HUF-Mens-Script-Heather-Large/dp/B015TCED0G/ref=sr_1_14/187-2334302-7369822?m=ATVPDKIKX0DER&s=apparel&ie=UTF8&qid=1449032413&sr=1-14&nodeID=1045624&refinements=p_6%3AATVPDKIKX0DER> (referer: http://www.amazon.com/s/ref=sr_pg_1?rh=n%3A7141123011%2Cn%3A7147441011%2Cn%3A1040658%2Cn%3A2476517011%2Cn%3A1045624%2Cp_6%3AATVPDKIKX0DER&page=1&bbn=2476517011&ie=UTF8&qid=1448965490)
2015-12-02 13:00:55 [scrapy] DEBUG: Crawled (200) <GET http://www.amazon.com/HUF-Mens-Primary-Black-Medium/dp/B015TCERHU/ref=sr_1_11/187-2334302-7369822?m=ATVPDKIKX0DER&s=apparel&ie=UTF8&qid=1449032413&sr=1-11&nodeID=1045624&refinements=p_6%3AATVPDKIKX0DER> (referer: http://www.amazon.com/s/ref=sr_pg_1?rh=n%3A7141123011%2Cn%3A7147441011%2Cn%3A1040658%2Cn%3A2476517011%2Cn%3A1045624%2Cp_6%3AATVPDKIKX0DER&page=1&bbn=2476517011&ie=UTF8&qid=1448965490)
2015-12-02 13:00:55 [scrapy] DEBUG: Crawled (200) <GET http://www.amazon.com/Calvin-Klein-Sleeve-Printed-Jersey/dp/B016OY9AQU/ref=sr_1_9/187-2334302-7369822?m=ATVPDKIKX0DER&s=apparel&ie=UTF8&qid=1449032413&sr=1-9&nodeID=1045624&refinements=p_6%3AATVPDKIKX0DER> (referer: http://www.amazon.com/s/ref=sr_pg_1?rh=n%3A7141123011%2Cn%3A7147441011%2Cn%3A1040658%2Cn%3A2476517011%2Cn%3A1045624%2Cp_6%3AATVPDKIKX0DER&page=1&bbn=2476517011&ie=UTF8&qid=1448965490)
